<?xml version="1.0" encoding="UTF-8"?>
<testng-results ignored="0" total="1" passed="0" failed="1" skipped="0">
  <reporter-output>
    <line>
      <![CDATA[addCustomerFromPOS----------Execution Started]]>
    </line>
  </reporter-output>
  <suite started-at="2023-08-10T13:36:16 IST" name="Suite" finished-at="2023-08-10T13:36:32 IST" duration-ms="16417">
    <groups>
    </groups>
    <test started-at="2023-08-10T13:36:16 IST" name="Test" finished-at="2023-08-10T13:36:32 IST" duration-ms="16417">
      <class name="customer.CustomerFromPOSPageTestNGTest">
        <test-method is-config="true" signature="databaseConfiguration()[pri:0, instance:customer.CustomerFromPOSPageTestNGTest@498d318c]" started-at="2023-08-10T13:36:15 IST" name="databaseConfiguration" finished-at="2023-08-10T13:36:16 IST" duration-ms="303" status="PASS">
          <reporter-output>
          </reporter-output>
        </test-method> <!-- databaseConfiguration -->
        <test-method is-config="true" signature="openBrowserConfig()[pri:0, instance:customer.CustomerFromPOSPageTestNGTest@498d318c]" started-at="2023-08-10T13:36:16 IST" name="openBrowserConfig" finished-at="2023-08-10T13:36:18 IST" duration-ms="2354" status="PASS">
          <reporter-output>
          </reporter-output>
        </test-method> <!-- openBrowserConfig -->
        <test-method is-config="true" signature="loginToApplication()[pri:0, instance:customer.CustomerFromPOSPageTestNGTest@498d318c]" started-at="2023-08-10T13:36:18 IST" name="loginToApplication" finished-at="2023-08-10T13:36:19 IST" duration-ms="808" status="PASS">
          <reporter-output>
          </reporter-output>
        </test-method> <!-- loginToApplication -->
        <test-method signature="addCustomerFromPOS()[pri:0, instance:customer.CustomerFromPOSPageTestNGTest@498d318c]" started-at="2023-08-10T13:36:19 IST" name="addCustomerFromPOS" finished-at="2023-08-10T13:36:27 IST" duration-ms="7808" status="FAIL">
          <exception class="java.lang.AssertionError">
            <message>
              <![CDATA[null]]>
            </message>
            <full-stacktrace>
              <![CDATA[java.lang.AssertionError: null
at org.testng.Assert.fail(Assert.java:99)
at org.testng.Assert.fail(Assert.java:106)
at customer.CustomerFromPOSPageTestNGTest.addCustomerFromPOS(CustomerFromPOSPageTestNGTest.java:47)
at java.base/jdk.internal.reflect.DirectMethodHandleAccessor.invoke(DirectMethodHandleAccessor.java:104)
at java.base/java.lang.reflect.Method.invoke(Method.java:577)
at org.testng.internal.MethodInvocationHelper.invokeMethod(MethodInvocationHelper.java:133)
at org.testng.internal.TestInvoker.invokeMethod(TestInvoker.java:598)
at org.testng.internal.TestInvoker.invokeTestMethod(TestInvoker.java:173)
at org.testng.internal.MethodRunner.runInSequence(MethodRunner.java:46)
at org.testng.internal.TestInvoker$MethodInvocationAgent.invoke(TestInvoker.java:824)
at org.testng.internal.TestInvoker.invokeTestMethods(TestInvoker.java:146)
at org.testng.internal.TestMethodWorker.invokeTestMethods(TestMethodWorker.java:146)
at org.testng.internal.TestMethodWorker.run(TestMethodWorker.java:128)
at java.base/java.util.ArrayList.forEach(ArrayList.java:1511)
at org.testng.TestRunner.privateRun(TestRunner.java:794)
at org.testng.TestRunner.run(TestRunner.java:596)
at org.testng.SuiteRunner.runTest(SuiteRunner.java:377)
at org.testng.SuiteRunner.access$000(SuiteRunner.java:28)
at org.testng.SuiteRunner$SuiteWorker.run(SuiteRunner.java:418)
at org.testng.internal.thread.ThreadUtil.lambda$execute$0(ThreadUtil.java:64)
at java.base/java.util.concurrent.FutureTask.run(FutureTask.java:264)
at java.base/java.util.concurrent.ThreadPoolExecutor.runWorker(ThreadPoolExecutor.java:1136)
at java.base/java.util.concurrent.ThreadPoolExecutor$Worker.run(ThreadPoolExecutor.java:635)
at java.base/java.lang.Thread.run(Thread.java:833)
]]>
            </full-stacktrace>
          </exception> <!-- java.lang.AssertionError -->
          <reporter-output>
            <line>
              <![CDATA[addCustomerFromPOS----------Execution Started]]>
            </line>
          </reporter-output>
        </test-method> <!-- addCustomerFromPOS -->
        <test-method is-config="true" signature="logoutFromApplication()[pri:0, instance:customer.CustomerFromPOSPageTestNGTest@498d318c]" started-at="2023-08-10T13:36:27 IST" name="logoutFromApplication" finished-at="2023-08-10T13:36:30 IST" duration-ms="2507" status="PASS">
          <reporter-output>
          </reporter-output>
        </test-method> <!-- logoutFromApplication -->
        <test-method is-config="true" signature="closeBrowser()[pri:0, instance:customer.CustomerFromPOSPageTestNGTest@498d318c]" started-at="2023-08-10T13:36:30 IST" name="closeBrowser" finished-at="2023-08-10T13:36:32 IST" duration-ms="2183" status="PASS">
          <reporter-output>
          </reporter-output>
        </test-method> <!-- closeBrowser -->
        <test-method is-config="true" signature="closeDatabase()[pri:0, instance:customer.CustomerFromPOSPageTestNGTest@498d318c]" started-at="2023-08-10T13:36:33 IST" name="closeDatabase" finished-at="2023-08-10T13:36:33 IST" duration-ms="6" status="PASS">
          <reporter-output>
          </reporter-output>
        </test-method> <!-- closeDatabase -->
      </class> <!-- customer.CustomerFromPOSPageTestNGTest -->
    </test> <!-- Test -->
  </suite> <!-- Suite -->
</testng-results>
